[2024-09-02T15:23:54.372+0000] {processor.py:161} INFO - Started process (PID=33) to work on /opt/airflow/dags/dag_creation.py
[2024-09-02T15:23:54.373+0000] {processor.py:830} INFO - Processing file /opt/airflow/dags/dag_creation.py for tasks to queue
[2024-09-02T15:23:54.375+0000] {logging_mixin.py:188} INFO - [2024-09-02T15:23:54.375+0000] {dagbag.py:545} INFO - Filling up the DagBag from /opt/airflow/dags/dag_creation.py
[2024-09-02T15:23:54.423+0000] {processor.py:840} INFO - DAG(s) 'postgres_operator_dag' retrieved from /opt/airflow/dags/dag_creation.py
[2024-09-02T15:23:54.810+0000] {logging_mixin.py:188} INFO - [2024-09-02T15:23:54.809+0000] {override.py:1829} INFO - Created Permission View: can delete on DAG:postgres_operator_dag
[2024-09-02T15:23:54.820+0000] {logging_mixin.py:188} INFO - [2024-09-02T15:23:54.819+0000] {override.py:1829} INFO - Created Permission View: can read on DAG:postgres_operator_dag
[2024-09-02T15:23:54.830+0000] {logging_mixin.py:188} INFO - [2024-09-02T15:23:54.830+0000] {override.py:1829} INFO - Created Permission View: can edit on DAG:postgres_operator_dag
[2024-09-02T15:23:54.831+0000] {logging_mixin.py:188} INFO - [2024-09-02T15:23:54.831+0000] {dag.py:3096} INFO - Sync 1 DAGs
[2024-09-02T15:23:54.843+0000] {logging_mixin.py:188} INFO - [2024-09-02T15:23:54.843+0000] {dag.py:3118} INFO - Creating ORM DAG for postgres_operator_dag
[2024-09-02T15:23:54.854+0000] {logging_mixin.py:188} INFO - [2024-09-02T15:23:54.854+0000] {dag.py:3954} INFO - Setting next_dagrun for postgres_operator_dag to 2024-06-26 00:00:00+00:00, run_after=2024-06-26 00:00:00+00:00
[2024-09-02T15:23:54.877+0000] {processor.py:183} INFO - Processing /opt/airflow/dags/dag_creation.py took 0.510 seconds
[2024-09-02T15:24:25.116+0000] {processor.py:161} INFO - Started process (PID=41) to work on /opt/airflow/dags/dag_creation.py
[2024-09-02T15:24:25.117+0000] {processor.py:830} INFO - Processing file /opt/airflow/dags/dag_creation.py for tasks to queue
[2024-09-02T15:24:25.118+0000] {logging_mixin.py:188} INFO - [2024-09-02T15:24:25.118+0000] {dagbag.py:545} INFO - Filling up the DagBag from /opt/airflow/dags/dag_creation.py
[2024-09-02T15:24:25.138+0000] {processor.py:840} INFO - DAG(s) 'postgres_operator_dag' retrieved from /opt/airflow/dags/dag_creation.py
[2024-09-02T15:24:25.182+0000] {logging_mixin.py:188} INFO - [2024-09-02T15:24:25.181+0000] {dag.py:3096} INFO - Sync 1 DAGs
[2024-09-02T15:24:25.233+0000] {logging_mixin.py:188} INFO - [2024-09-02T15:24:25.232+0000] {dag.py:3954} INFO - Setting next_dagrun for postgres_operator_dag to 2024-06-26 00:00:00+00:00, run_after=2024-06-26 00:00:00+00:00
[2024-09-02T15:24:25.261+0000] {processor.py:183} INFO - Processing /opt/airflow/dags/dag_creation.py took 0.150 seconds
[2024-09-02T15:24:55.506+0000] {processor.py:161} INFO - Started process (PID=49) to work on /opt/airflow/dags/dag_creation.py
[2024-09-02T15:24:55.507+0000] {processor.py:830} INFO - Processing file /opt/airflow/dags/dag_creation.py for tasks to queue
[2024-09-02T15:24:55.510+0000] {logging_mixin.py:188} INFO - [2024-09-02T15:24:55.509+0000] {dagbag.py:545} INFO - Filling up the DagBag from /opt/airflow/dags/dag_creation.py
[2024-09-02T15:24:55.525+0000] {processor.py:840} INFO - DAG(s) 'postgres_operator_dag' retrieved from /opt/airflow/dags/dag_creation.py
[2024-09-02T15:24:55.554+0000] {logging_mixin.py:188} INFO - [2024-09-02T15:24:55.553+0000] {dag.py:3096} INFO - Sync 1 DAGs
[2024-09-02T15:24:55.586+0000] {logging_mixin.py:188} INFO - [2024-09-02T15:24:55.585+0000] {dag.py:3954} INFO - Setting next_dagrun for postgres_operator_dag to 2024-06-26 00:00:00+00:00, run_after=2024-06-26 00:00:00+00:00
[2024-09-02T15:24:55.610+0000] {processor.py:183} INFO - Processing /opt/airflow/dags/dag_creation.py took 0.109 seconds
[2024-09-02T15:25:25.744+0000] {processor.py:161} INFO - Started process (PID=57) to work on /opt/airflow/dags/dag_creation.py
[2024-09-02T15:25:25.745+0000] {processor.py:830} INFO - Processing file /opt/airflow/dags/dag_creation.py for tasks to queue
[2024-09-02T15:25:25.747+0000] {logging_mixin.py:188} INFO - [2024-09-02T15:25:25.747+0000] {dagbag.py:545} INFO - Filling up the DagBag from /opt/airflow/dags/dag_creation.py
[2024-09-02T15:25:25.763+0000] {processor.py:840} INFO - DAG(s) 'postgres_operator_dag' retrieved from /opt/airflow/dags/dag_creation.py
[2024-09-02T15:25:25.793+0000] {logging_mixin.py:188} INFO - [2024-09-02T15:25:25.793+0000] {dag.py:3096} INFO - Sync 1 DAGs
[2024-09-02T15:25:25.817+0000] {logging_mixin.py:188} INFO - [2024-09-02T15:25:25.816+0000] {dag.py:3954} INFO - Setting next_dagrun for postgres_operator_dag to 2024-06-26 00:00:00+00:00, run_after=2024-06-26 00:00:00+00:00
[2024-09-02T15:25:25.838+0000] {processor.py:183} INFO - Processing /opt/airflow/dags/dag_creation.py took 0.100 seconds
[2024-09-02T15:25:56.089+0000] {processor.py:161} INFO - Started process (PID=65) to work on /opt/airflow/dags/dag_creation.py
[2024-09-02T15:25:56.090+0000] {processor.py:830} INFO - Processing file /opt/airflow/dags/dag_creation.py for tasks to queue
[2024-09-02T15:25:56.092+0000] {logging_mixin.py:188} INFO - [2024-09-02T15:25:56.092+0000] {dagbag.py:545} INFO - Filling up the DagBag from /opt/airflow/dags/dag_creation.py
[2024-09-02T15:25:56.108+0000] {processor.py:840} INFO - DAG(s) 'postgres_operator_dag' retrieved from /opt/airflow/dags/dag_creation.py
[2024-09-02T15:25:56.137+0000] {logging_mixin.py:188} INFO - [2024-09-02T15:25:56.137+0000] {dag.py:3096} INFO - Sync 1 DAGs
[2024-09-02T15:25:56.159+0000] {logging_mixin.py:188} INFO - [2024-09-02T15:25:56.159+0000] {dag.py:3954} INFO - Setting next_dagrun for postgres_operator_dag to 2024-06-26 00:00:00+00:00, run_after=2024-06-26 00:00:00+00:00
[2024-09-02T15:25:56.178+0000] {processor.py:183} INFO - Processing /opt/airflow/dags/dag_creation.py took 0.094 seconds
[2024-09-02T15:26:26.448+0000] {processor.py:161} INFO - Started process (PID=73) to work on /opt/airflow/dags/dag_creation.py
[2024-09-02T15:26:26.448+0000] {processor.py:830} INFO - Processing file /opt/airflow/dags/dag_creation.py for tasks to queue
[2024-09-02T15:26:26.451+0000] {logging_mixin.py:188} INFO - [2024-09-02T15:26:26.450+0000] {dagbag.py:545} INFO - Filling up the DagBag from /opt/airflow/dags/dag_creation.py
[2024-09-02T15:26:26.466+0000] {processor.py:840} INFO - DAG(s) 'postgres_operator_dag' retrieved from /opt/airflow/dags/dag_creation.py
[2024-09-02T15:26:26.492+0000] {logging_mixin.py:188} INFO - [2024-09-02T15:26:26.492+0000] {dag.py:3096} INFO - Sync 1 DAGs
[2024-09-02T15:26:26.514+0000] {logging_mixin.py:188} INFO - [2024-09-02T15:26:26.513+0000] {dag.py:3954} INFO - Setting next_dagrun for postgres_operator_dag to 2024-06-26 00:00:00+00:00, run_after=2024-06-26 00:00:00+00:00
[2024-09-02T15:26:26.532+0000] {processor.py:183} INFO - Processing /opt/airflow/dags/dag_creation.py took 0.089 seconds
[2024-09-02T15:26:56.811+0000] {processor.py:161} INFO - Started process (PID=82) to work on /opt/airflow/dags/dag_creation.py
[2024-09-02T15:26:56.811+0000] {processor.py:830} INFO - Processing file /opt/airflow/dags/dag_creation.py for tasks to queue
[2024-09-02T15:26:56.813+0000] {logging_mixin.py:188} INFO - [2024-09-02T15:26:56.813+0000] {dagbag.py:545} INFO - Filling up the DagBag from /opt/airflow/dags/dag_creation.py
[2024-09-02T15:26:56.828+0000] {processor.py:840} INFO - DAG(s) 'postgres_operator_dag' retrieved from /opt/airflow/dags/dag_creation.py
[2024-09-02T15:26:56.859+0000] {logging_mixin.py:188} INFO - [2024-09-02T15:26:56.859+0000] {dag.py:3096} INFO - Sync 1 DAGs
[2024-09-02T15:26:56.882+0000] {logging_mixin.py:188} INFO - [2024-09-02T15:26:56.882+0000] {dag.py:3954} INFO - Setting next_dagrun for postgres_operator_dag to 2024-06-26 00:00:00+00:00, run_after=2024-06-26 00:00:00+00:00
[2024-09-02T15:26:56.900+0000] {processor.py:183} INFO - Processing /opt/airflow/dags/dag_creation.py took 0.099 seconds
[2024-09-02T15:27:27.173+0000] {processor.py:161} INFO - Started process (PID=90) to work on /opt/airflow/dags/dag_creation.py
[2024-09-02T15:27:27.174+0000] {processor.py:830} INFO - Processing file /opt/airflow/dags/dag_creation.py for tasks to queue
[2024-09-02T15:27:27.176+0000] {logging_mixin.py:188} INFO - [2024-09-02T15:27:27.176+0000] {dagbag.py:545} INFO - Filling up the DagBag from /opt/airflow/dags/dag_creation.py
[2024-09-02T15:27:27.191+0000] {processor.py:840} INFO - DAG(s) 'postgres_operator_dag' retrieved from /opt/airflow/dags/dag_creation.py
[2024-09-02T15:27:27.221+0000] {logging_mixin.py:188} INFO - [2024-09-02T15:27:27.221+0000] {dag.py:3096} INFO - Sync 1 DAGs
[2024-09-02T15:27:27.243+0000] {logging_mixin.py:188} INFO - [2024-09-02T15:27:27.243+0000] {dag.py:3954} INFO - Setting next_dagrun for postgres_operator_dag to 2024-06-26 00:00:00+00:00, run_after=2024-06-26 00:00:00+00:00
[2024-09-02T15:27:27.261+0000] {processor.py:183} INFO - Processing /opt/airflow/dags/dag_creation.py took 0.093 seconds
[2024-09-02T15:27:57.553+0000] {processor.py:161} INFO - Started process (PID=98) to work on /opt/airflow/dags/dag_creation.py
[2024-09-02T15:27:57.554+0000] {processor.py:830} INFO - Processing file /opt/airflow/dags/dag_creation.py for tasks to queue
[2024-09-02T15:27:57.556+0000] {logging_mixin.py:188} INFO - [2024-09-02T15:27:57.555+0000] {dagbag.py:545} INFO - Filling up the DagBag from /opt/airflow/dags/dag_creation.py
[2024-09-02T15:27:57.572+0000] {processor.py:840} INFO - DAG(s) 'postgres_operator_dag' retrieved from /opt/airflow/dags/dag_creation.py
[2024-09-02T15:27:57.600+0000] {logging_mixin.py:188} INFO - [2024-09-02T15:27:57.600+0000] {dag.py:3096} INFO - Sync 1 DAGs
[2024-09-02T15:27:57.623+0000] {logging_mixin.py:188} INFO - [2024-09-02T15:27:57.622+0000] {dag.py:3954} INFO - Setting next_dagrun for postgres_operator_dag to 2024-06-26 00:00:00+00:00, run_after=2024-06-26 00:00:00+00:00
[2024-09-02T15:27:57.641+0000] {processor.py:183} INFO - Processing /opt/airflow/dags/dag_creation.py took 0.094 seconds
[2024-09-02T15:28:27.924+0000] {processor.py:161} INFO - Started process (PID=106) to work on /opt/airflow/dags/dag_creation.py
[2024-09-02T15:28:27.925+0000] {processor.py:830} INFO - Processing file /opt/airflow/dags/dag_creation.py for tasks to queue
[2024-09-02T15:28:27.927+0000] {logging_mixin.py:188} INFO - [2024-09-02T15:28:27.926+0000] {dagbag.py:545} INFO - Filling up the DagBag from /opt/airflow/dags/dag_creation.py
[2024-09-02T15:28:27.941+0000] {processor.py:840} INFO - DAG(s) 'postgres_operator_dag' retrieved from /opt/airflow/dags/dag_creation.py
[2024-09-02T15:28:27.969+0000] {logging_mixin.py:188} INFO - [2024-09-02T15:28:27.969+0000] {dag.py:3096} INFO - Sync 1 DAGs
[2024-09-02T15:28:27.991+0000] {logging_mixin.py:188} INFO - [2024-09-02T15:28:27.991+0000] {dag.py:3954} INFO - Setting next_dagrun for postgres_operator_dag to 2024-06-26 00:00:00+00:00, run_after=2024-06-26 00:00:00+00:00
[2024-09-02T15:28:28.009+0000] {processor.py:183} INFO - Processing /opt/airflow/dags/dag_creation.py took 0.091 seconds
[2024-09-02T15:28:58.387+0000] {processor.py:161} INFO - Started process (PID=114) to work on /opt/airflow/dags/dag_creation.py
[2024-09-02T15:28:58.388+0000] {processor.py:830} INFO - Processing file /opt/airflow/dags/dag_creation.py for tasks to queue
[2024-09-02T15:28:58.390+0000] {logging_mixin.py:188} INFO - [2024-09-02T15:28:58.390+0000] {dagbag.py:545} INFO - Filling up the DagBag from /opt/airflow/dags/dag_creation.py
[2024-09-02T15:28:58.406+0000] {processor.py:840} INFO - DAG(s) 'postgres_operator_dag' retrieved from /opt/airflow/dags/dag_creation.py
[2024-09-02T15:28:58.434+0000] {logging_mixin.py:188} INFO - [2024-09-02T15:28:58.434+0000] {dag.py:3096} INFO - Sync 1 DAGs
[2024-09-02T15:28:58.457+0000] {logging_mixin.py:188} INFO - [2024-09-02T15:28:58.456+0000] {dag.py:3954} INFO - Setting next_dagrun for postgres_operator_dag to 2024-06-26 00:00:00+00:00, run_after=2024-06-26 00:00:00+00:00
[2024-09-02T15:28:58.474+0000] {processor.py:183} INFO - Processing /opt/airflow/dags/dag_creation.py took 0.096 seconds
[2024-09-02T15:29:28.709+0000] {processor.py:161} INFO - Started process (PID=122) to work on /opt/airflow/dags/dag_creation.py
[2024-09-02T15:29:28.710+0000] {processor.py:830} INFO - Processing file /opt/airflow/dags/dag_creation.py for tasks to queue
[2024-09-02T15:29:28.712+0000] {logging_mixin.py:188} INFO - [2024-09-02T15:29:28.711+0000] {dagbag.py:545} INFO - Filling up the DagBag from /opt/airflow/dags/dag_creation.py
[2024-09-02T15:29:28.730+0000] {processor.py:840} INFO - DAG(s) 'postgres_operator_dag' retrieved from /opt/airflow/dags/dag_creation.py
[2024-09-02T15:29:28.761+0000] {logging_mixin.py:188} INFO - [2024-09-02T15:29:28.761+0000] {dag.py:3096} INFO - Sync 1 DAGs
[2024-09-02T15:29:28.787+0000] {logging_mixin.py:188} INFO - [2024-09-02T15:29:28.787+0000] {dag.py:3954} INFO - Setting next_dagrun for postgres_operator_dag to 2024-06-26 00:00:00+00:00, run_after=2024-06-26 00:00:00+00:00
[2024-09-02T15:29:28.808+0000] {processor.py:183} INFO - Processing /opt/airflow/dags/dag_creation.py took 0.105 seconds
[2024-09-02T15:29:59.081+0000] {processor.py:161} INFO - Started process (PID=130) to work on /opt/airflow/dags/dag_creation.py
[2024-09-02T15:29:59.083+0000] {processor.py:830} INFO - Processing file /opt/airflow/dags/dag_creation.py for tasks to queue
[2024-09-02T15:29:59.085+0000] {logging_mixin.py:188} INFO - [2024-09-02T15:29:59.085+0000] {dagbag.py:545} INFO - Filling up the DagBag from /opt/airflow/dags/dag_creation.py
[2024-09-02T15:29:59.105+0000] {processor.py:840} INFO - DAG(s) 'postgres_operator_dag' retrieved from /opt/airflow/dags/dag_creation.py
[2024-09-02T15:29:59.135+0000] {logging_mixin.py:188} INFO - [2024-09-02T15:29:59.135+0000] {dag.py:3096} INFO - Sync 1 DAGs
[2024-09-02T15:29:59.158+0000] {logging_mixin.py:188} INFO - [2024-09-02T15:29:59.157+0000] {dag.py:3954} INFO - Setting next_dagrun for postgres_operator_dag to 2024-06-26 00:00:00+00:00, run_after=2024-06-26 00:00:00+00:00
[2024-09-02T15:29:59.178+0000] {processor.py:183} INFO - Processing /opt/airflow/dags/dag_creation.py took 0.103 seconds
[2024-09-02T15:30:29.426+0000] {processor.py:161} INFO - Started process (PID=138) to work on /opt/airflow/dags/dag_creation.py
[2024-09-02T15:30:29.427+0000] {processor.py:830} INFO - Processing file /opt/airflow/dags/dag_creation.py for tasks to queue
[2024-09-02T15:30:29.429+0000] {logging_mixin.py:188} INFO - [2024-09-02T15:30:29.429+0000] {dagbag.py:545} INFO - Filling up the DagBag from /opt/airflow/dags/dag_creation.py
[2024-09-02T15:30:29.445+0000] {processor.py:840} INFO - DAG(s) 'postgres_operator_dag' retrieved from /opt/airflow/dags/dag_creation.py
[2024-09-02T15:30:29.472+0000] {logging_mixin.py:188} INFO - [2024-09-02T15:30:29.472+0000] {dag.py:3096} INFO - Sync 1 DAGs
[2024-09-02T15:30:29.494+0000] {logging_mixin.py:188} INFO - [2024-09-02T15:30:29.493+0000] {dag.py:3954} INFO - Setting next_dagrun for postgres_operator_dag to 2024-06-26 00:00:00+00:00, run_after=2024-06-26 00:00:00+00:00
[2024-09-02T15:30:29.513+0000] {processor.py:183} INFO - Processing /opt/airflow/dags/dag_creation.py took 0.093 seconds
[2024-09-02T15:30:59.781+0000] {processor.py:161} INFO - Started process (PID=146) to work on /opt/airflow/dags/dag_creation.py
[2024-09-02T15:30:59.783+0000] {processor.py:830} INFO - Processing file /opt/airflow/dags/dag_creation.py for tasks to queue
[2024-09-02T15:30:59.785+0000] {logging_mixin.py:188} INFO - [2024-09-02T15:30:59.784+0000] {dagbag.py:545} INFO - Filling up the DagBag from /opt/airflow/dags/dag_creation.py
[2024-09-02T15:30:59.801+0000] {processor.py:840} INFO - DAG(s) 'postgres_operator_dag' retrieved from /opt/airflow/dags/dag_creation.py
[2024-09-02T15:30:59.831+0000] {logging_mixin.py:188} INFO - [2024-09-02T15:30:59.831+0000] {dag.py:3096} INFO - Sync 1 DAGs
[2024-09-02T15:30:59.859+0000] {logging_mixin.py:188} INFO - [2024-09-02T15:30:59.859+0000] {dag.py:3954} INFO - Setting next_dagrun for postgres_operator_dag to 2024-06-26 00:00:00+00:00, run_after=2024-06-26 00:00:00+00:00
[2024-09-02T15:30:59.885+0000] {processor.py:183} INFO - Processing /opt/airflow/dags/dag_creation.py took 0.109 seconds
[2024-09-02T15:31:30.154+0000] {processor.py:161} INFO - Started process (PID=154) to work on /opt/airflow/dags/dag_creation.py
[2024-09-02T15:31:30.155+0000] {processor.py:830} INFO - Processing file /opt/airflow/dags/dag_creation.py for tasks to queue
[2024-09-02T15:31:30.156+0000] {logging_mixin.py:188} INFO - [2024-09-02T15:31:30.156+0000] {dagbag.py:545} INFO - Filling up the DagBag from /opt/airflow/dags/dag_creation.py
[2024-09-02T15:31:30.173+0000] {processor.py:840} INFO - DAG(s) 'postgres_operator_dag' retrieved from /opt/airflow/dags/dag_creation.py
[2024-09-02T15:31:30.201+0000] {logging_mixin.py:188} INFO - [2024-09-02T15:31:30.201+0000] {dag.py:3096} INFO - Sync 1 DAGs
[2024-09-02T15:31:30.222+0000] {logging_mixin.py:188} INFO - [2024-09-02T15:31:30.222+0000] {dag.py:3954} INFO - Setting next_dagrun for postgres_operator_dag to 2024-06-26 00:00:00+00:00, run_after=2024-06-26 00:00:00+00:00
[2024-09-02T15:31:30.242+0000] {processor.py:183} INFO - Processing /opt/airflow/dags/dag_creation.py took 0.094 seconds
[2024-09-02T15:32:00.509+0000] {processor.py:161} INFO - Started process (PID=162) to work on /opt/airflow/dags/dag_creation.py
[2024-09-02T15:32:00.510+0000] {processor.py:830} INFO - Processing file /opt/airflow/dags/dag_creation.py for tasks to queue
[2024-09-02T15:32:00.512+0000] {logging_mixin.py:188} INFO - [2024-09-02T15:32:00.512+0000] {dagbag.py:545} INFO - Filling up the DagBag from /opt/airflow/dags/dag_creation.py
[2024-09-02T15:32:00.528+0000] {processor.py:840} INFO - DAG(s) 'postgres_operator_dag' retrieved from /opt/airflow/dags/dag_creation.py
[2024-09-02T15:32:00.556+0000] {logging_mixin.py:188} INFO - [2024-09-02T15:32:00.555+0000] {dag.py:3096} INFO - Sync 1 DAGs
[2024-09-02T15:32:00.580+0000] {logging_mixin.py:188} INFO - [2024-09-02T15:32:00.580+0000] {dag.py:3954} INFO - Setting next_dagrun for postgres_operator_dag to 2024-06-26 00:00:00+00:00, run_after=2024-06-26 00:00:00+00:00
[2024-09-02T15:32:00.599+0000] {processor.py:183} INFO - Processing /opt/airflow/dags/dag_creation.py took 0.095 seconds
[2024-09-02T15:32:30.853+0000] {processor.py:161} INFO - Started process (PID=170) to work on /opt/airflow/dags/dag_creation.py
[2024-09-02T15:32:30.854+0000] {processor.py:830} INFO - Processing file /opt/airflow/dags/dag_creation.py for tasks to queue
[2024-09-02T15:32:30.856+0000] {logging_mixin.py:188} INFO - [2024-09-02T15:32:30.855+0000] {dagbag.py:545} INFO - Filling up the DagBag from /opt/airflow/dags/dag_creation.py
[2024-09-02T15:32:30.871+0000] {processor.py:840} INFO - DAG(s) 'postgres_operator_dag' retrieved from /opt/airflow/dags/dag_creation.py
[2024-09-02T15:32:30.899+0000] {logging_mixin.py:188} INFO - [2024-09-02T15:32:30.899+0000] {dag.py:3096} INFO - Sync 1 DAGs
[2024-09-02T15:32:30.920+0000] {logging_mixin.py:188} INFO - [2024-09-02T15:32:30.920+0000] {dag.py:3954} INFO - Setting next_dagrun for postgres_operator_dag to 2024-06-26 00:00:00+00:00, run_after=2024-06-26 00:00:00+00:00
[2024-09-02T15:32:30.939+0000] {processor.py:183} INFO - Processing /opt/airflow/dags/dag_creation.py took 0.092 seconds
[2024-09-02T15:33:01.221+0000] {processor.py:161} INFO - Started process (PID=178) to work on /opt/airflow/dags/dag_creation.py
[2024-09-02T15:33:01.222+0000] {processor.py:830} INFO - Processing file /opt/airflow/dags/dag_creation.py for tasks to queue
[2024-09-02T15:33:01.224+0000] {logging_mixin.py:188} INFO - [2024-09-02T15:33:01.224+0000] {dagbag.py:545} INFO - Filling up the DagBag from /opt/airflow/dags/dag_creation.py
[2024-09-02T15:33:01.238+0000] {processor.py:840} INFO - DAG(s) 'postgres_operator_dag' retrieved from /opt/airflow/dags/dag_creation.py
[2024-09-02T15:33:01.265+0000] {logging_mixin.py:188} INFO - [2024-09-02T15:33:01.265+0000] {dag.py:3096} INFO - Sync 1 DAGs
[2024-09-02T15:33:01.286+0000] {logging_mixin.py:188} INFO - [2024-09-02T15:33:01.286+0000] {dag.py:3954} INFO - Setting next_dagrun for postgres_operator_dag to 2024-06-26 00:00:00+00:00, run_after=2024-06-26 00:00:00+00:00
[2024-09-02T15:33:01.304+0000] {processor.py:183} INFO - Processing /opt/airflow/dags/dag_creation.py took 0.089 seconds
[2024-09-02T15:33:31.583+0000] {processor.py:161} INFO - Started process (PID=186) to work on /opt/airflow/dags/dag_creation.py
[2024-09-02T15:33:31.584+0000] {processor.py:830} INFO - Processing file /opt/airflow/dags/dag_creation.py for tasks to queue
[2024-09-02T15:33:31.586+0000] {logging_mixin.py:188} INFO - [2024-09-02T15:33:31.586+0000] {dagbag.py:545} INFO - Filling up the DagBag from /opt/airflow/dags/dag_creation.py
[2024-09-02T15:33:31.601+0000] {processor.py:840} INFO - DAG(s) 'postgres_operator_dag' retrieved from /opt/airflow/dags/dag_creation.py
[2024-09-02T15:33:31.629+0000] {logging_mixin.py:188} INFO - [2024-09-02T15:33:31.629+0000] {dag.py:3096} INFO - Sync 1 DAGs
[2024-09-02T15:33:31.650+0000] {logging_mixin.py:188} INFO - [2024-09-02T15:33:31.650+0000] {dag.py:3954} INFO - Setting next_dagrun for postgres_operator_dag to 2024-06-26 00:00:00+00:00, run_after=2024-06-26 00:00:00+00:00
[2024-09-02T15:33:31.669+0000] {processor.py:183} INFO - Processing /opt/airflow/dags/dag_creation.py took 0.092 seconds
[2024-09-02T15:34:02.021+0000] {processor.py:161} INFO - Started process (PID=194) to work on /opt/airflow/dags/dag_creation.py
[2024-09-02T15:34:02.022+0000] {processor.py:830} INFO - Processing file /opt/airflow/dags/dag_creation.py for tasks to queue
[2024-09-02T15:34:02.024+0000] {logging_mixin.py:188} INFO - [2024-09-02T15:34:02.024+0000] {dagbag.py:545} INFO - Filling up the DagBag from /opt/airflow/dags/dag_creation.py
[2024-09-02T15:34:02.039+0000] {processor.py:840} INFO - DAG(s) 'postgres_operator_dag' retrieved from /opt/airflow/dags/dag_creation.py
[2024-09-02T15:34:02.067+0000] {logging_mixin.py:188} INFO - [2024-09-02T15:34:02.066+0000] {dag.py:3096} INFO - Sync 1 DAGs
[2024-09-02T15:34:02.087+0000] {logging_mixin.py:188} INFO - [2024-09-02T15:34:02.087+0000] {dag.py:3954} INFO - Setting next_dagrun for postgres_operator_dag to 2024-06-26 00:00:00+00:00, run_after=2024-06-26 00:00:00+00:00
[2024-09-02T15:34:02.106+0000] {processor.py:183} INFO - Processing /opt/airflow/dags/dag_creation.py took 0.091 seconds
[2024-09-02T15:34:32.369+0000] {processor.py:161} INFO - Started process (PID=202) to work on /opt/airflow/dags/dag_creation.py
[2024-09-02T15:34:32.370+0000] {processor.py:830} INFO - Processing file /opt/airflow/dags/dag_creation.py for tasks to queue
[2024-09-02T15:34:32.372+0000] {logging_mixin.py:188} INFO - [2024-09-02T15:34:32.372+0000] {dagbag.py:545} INFO - Filling up the DagBag from /opt/airflow/dags/dag_creation.py
[2024-09-02T15:34:32.387+0000] {processor.py:840} INFO - DAG(s) 'postgres_operator_dag' retrieved from /opt/airflow/dags/dag_creation.py
[2024-09-02T15:34:32.414+0000] {logging_mixin.py:188} INFO - [2024-09-02T15:34:32.414+0000] {dag.py:3096} INFO - Sync 1 DAGs
[2024-09-02T15:34:32.435+0000] {logging_mixin.py:188} INFO - [2024-09-02T15:34:32.435+0000] {dag.py:3954} INFO - Setting next_dagrun for postgres_operator_dag to 2024-06-26 00:00:00+00:00, run_after=2024-06-26 00:00:00+00:00
[2024-09-02T15:34:32.455+0000] {processor.py:183} INFO - Processing /opt/airflow/dags/dag_creation.py took 0.091 seconds
[2024-09-02T15:35:02.704+0000] {processor.py:161} INFO - Started process (PID=211) to work on /opt/airflow/dags/dag_creation.py
[2024-09-02T15:35:02.705+0000] {processor.py:830} INFO - Processing file /opt/airflow/dags/dag_creation.py for tasks to queue
[2024-09-02T15:35:02.707+0000] {logging_mixin.py:188} INFO - [2024-09-02T15:35:02.706+0000] {dagbag.py:545} INFO - Filling up the DagBag from /opt/airflow/dags/dag_creation.py
[2024-09-02T15:35:02.723+0000] {processor.py:840} INFO - DAG(s) 'postgres_operator_dag' retrieved from /opt/airflow/dags/dag_creation.py
[2024-09-02T15:35:02.758+0000] {logging_mixin.py:188} INFO - [2024-09-02T15:35:02.758+0000] {dag.py:3096} INFO - Sync 1 DAGs
[2024-09-02T15:35:02.793+0000] {logging_mixin.py:188} INFO - [2024-09-02T15:35:02.793+0000] {dag.py:3954} INFO - Setting next_dagrun for postgres_operator_dag to 2024-06-26 00:00:00+00:00, run_after=2024-06-26 00:00:00+00:00
[2024-09-02T15:35:02.821+0000] {processor.py:183} INFO - Processing /opt/airflow/dags/dag_creation.py took 0.123 seconds
[2024-09-02T15:35:33.055+0000] {processor.py:161} INFO - Started process (PID=219) to work on /opt/airflow/dags/dag_creation.py
[2024-09-02T15:35:33.056+0000] {processor.py:830} INFO - Processing file /opt/airflow/dags/dag_creation.py for tasks to queue
[2024-09-02T15:35:33.058+0000] {logging_mixin.py:188} INFO - [2024-09-02T15:35:33.057+0000] {dagbag.py:545} INFO - Filling up the DagBag from /opt/airflow/dags/dag_creation.py
[2024-09-02T15:35:33.073+0000] {processor.py:840} INFO - DAG(s) 'postgres_operator_dag' retrieved from /opt/airflow/dags/dag_creation.py
[2024-09-02T15:35:33.102+0000] {logging_mixin.py:188} INFO - [2024-09-02T15:35:33.101+0000] {dag.py:3096} INFO - Sync 1 DAGs
[2024-09-02T15:35:33.123+0000] {logging_mixin.py:188} INFO - [2024-09-02T15:35:33.123+0000] {dag.py:3954} INFO - Setting next_dagrun for postgres_operator_dag to 2024-06-26 00:00:00+00:00, run_after=2024-06-26 00:00:00+00:00
[2024-09-02T15:35:33.141+0000] {processor.py:183} INFO - Processing /opt/airflow/dags/dag_creation.py took 0.093 seconds
[2024-09-02T15:36:03.382+0000] {processor.py:161} INFO - Started process (PID=227) to work on /opt/airflow/dags/dag_creation.py
[2024-09-02T15:36:03.383+0000] {processor.py:830} INFO - Processing file /opt/airflow/dags/dag_creation.py for tasks to queue
[2024-09-02T15:36:03.385+0000] {logging_mixin.py:188} INFO - [2024-09-02T15:36:03.385+0000] {dagbag.py:545} INFO - Filling up the DagBag from /opt/airflow/dags/dag_creation.py
[2024-09-02T15:36:03.400+0000] {processor.py:840} INFO - DAG(s) 'postgres_operator_dag' retrieved from /opt/airflow/dags/dag_creation.py
[2024-09-02T15:36:03.430+0000] {logging_mixin.py:188} INFO - [2024-09-02T15:36:03.429+0000] {dag.py:3096} INFO - Sync 1 DAGs
[2024-09-02T15:36:03.451+0000] {logging_mixin.py:188} INFO - [2024-09-02T15:36:03.451+0000] {dag.py:3954} INFO - Setting next_dagrun for postgres_operator_dag to 2024-06-26 00:00:00+00:00, run_after=2024-06-26 00:00:00+00:00
[2024-09-02T15:36:03.471+0000] {processor.py:183} INFO - Processing /opt/airflow/dags/dag_creation.py took 0.094 seconds
[2024-09-02T15:36:33.718+0000] {processor.py:161} INFO - Started process (PID=235) to work on /opt/airflow/dags/dag_creation.py
[2024-09-02T15:36:33.719+0000] {processor.py:830} INFO - Processing file /opt/airflow/dags/dag_creation.py for tasks to queue
[2024-09-02T15:36:33.721+0000] {logging_mixin.py:188} INFO - [2024-09-02T15:36:33.721+0000] {dagbag.py:545} INFO - Filling up the DagBag from /opt/airflow/dags/dag_creation.py
[2024-09-02T15:36:33.743+0000] {processor.py:840} INFO - DAG(s) 'postgres_operator_dag' retrieved from /opt/airflow/dags/dag_creation.py
[2024-09-02T15:36:33.775+0000] {logging_mixin.py:188} INFO - [2024-09-02T15:36:33.774+0000] {dag.py:3096} INFO - Sync 1 DAGs
[2024-09-02T15:36:33.798+0000] {logging_mixin.py:188} INFO - [2024-09-02T15:36:33.798+0000] {dag.py:3954} INFO - Setting next_dagrun for postgres_operator_dag to 2024-06-26 00:00:00+00:00, run_after=2024-06-26 00:00:00+00:00
[2024-09-02T15:36:33.818+0000] {processor.py:183} INFO - Processing /opt/airflow/dags/dag_creation.py took 0.107 seconds
