[2024-09-02T15:23:54.118+0000] {manager.py:470} INFO - Processing files using up to 2 processes at a time 
[2024-09-02T15:23:54.119+0000] {manager.py:471} INFO - Process each file at most once every 30 seconds
[2024-09-02T15:23:54.120+0000] {manager.py:472} INFO - Checking for new files in /opt/airflow/dags every 300 seconds
[2024-09-02T15:23:54.121+0000] {manager.py:737} INFO - Searching for files in /opt/airflow/dags
[2024-09-02T15:23:54.233+0000] {manager.py:740} INFO - There are 2 files in /opt/airflow/dags
[2024-09-02T15:23:54.480+0000] {manager.py:878} INFO - 
================================================================================
DAG File Processing Stats

File Path                            PID  Runtime      # DAGs    # Errors  Last Runtime    Last Run
---------------------------------  -----  ---------  --------  ----------  --------------  ----------
/opt/airflow/dags/dag_creation.py     33  0.12s             0           0
/opt/airflow/dags/dag_test.py         34  0.05s             0           0
================================================================================
[2024-09-02T15:24:24.670+0000] {manager.py:878} INFO - 
================================================================================
DAG File Processing Stats

File Path                          PID    Runtime      # DAGs    # Errors  Last Runtime    Last Run
---------------------------------  -----  ---------  --------  ----------  --------------  -------------------
/opt/airflow/dags/dag_creation.py                           1           0  0.53s           2024-09-02T15:23:54
/opt/airflow/dags/dag_test.py                               1           0  0.46s           2024-09-02T15:23:54
================================================================================
[2024-09-02T15:24:55.502+0000] {manager.py:878} INFO - 
================================================================================
DAG File Processing Stats

File Path                            PID  Runtime      # DAGs    # Errors  Last Runtime    Last Run
---------------------------------  -----  ---------  --------  ----------  --------------  -------------------
/opt/airflow/dags/dag_test.py         50  0.00s             1           0  0.19s           2024-09-02T15:24:25
/opt/airflow/dags/dag_creation.py     49  0.01s             1           0  0.17s           2024-09-02T15:24:25
================================================================================
[2024-09-02T15:25:25.741+0000] {manager.py:878} INFO - 
================================================================================
DAG File Processing Stats

File Path                            PID  Runtime      # DAGs    # Errors  Last Runtime    Last Run
---------------------------------  -----  ---------  --------  ----------  --------------  -------------------
/opt/airflow/dags/dag_creation.py     57  0.01s             1           0  0.13s           2024-09-02T15:24:55
/opt/airflow/dags/dag_test.py         58  0.00s             1           0  0.13s           2024-09-02T15:24:55
================================================================================
[2024-09-02T15:25:56.081+0000] {manager.py:878} INFO - 
================================================================================
DAG File Processing Stats

File Path                            PID  Runtime      # DAGs    # Errors  Last Runtime    Last Run
---------------------------------  -----  ---------  --------  ----------  --------------  -------------------
/opt/airflow/dags/dag_creation.py     65  0.02s             1           0  0.12s           2024-09-02T15:25:25
/opt/airflow/dags/dag_test.py         66  0.00s             1           0  0.12s           2024-09-02T15:25:25
================================================================================
[2024-09-02T15:26:26.444+0000] {manager.py:878} INFO - 
================================================================================
DAG File Processing Stats

File Path                            PID  Runtime      # DAGs    # Errors  Last Runtime    Last Run
---------------------------------  -----  ---------  --------  ----------  --------------  -------------------
/opt/airflow/dags/dag_test.py         74  0.00s             1           0  0.13s           2024-09-02T15:25:56
/opt/airflow/dags/dag_creation.py     73  0.01s             1           0  0.12s           2024-09-02T15:25:56
================================================================================
[2024-09-02T15:26:56.803+0000] {manager.py:878} INFO - 
================================================================================
DAG File Processing Stats

File Path                            PID  Runtime      # DAGs    # Errors  Last Runtime    Last Run
---------------------------------  -----  ---------  --------  ----------  --------------  -------------------
/opt/airflow/dags/dag_test.py         83  0.00s             1           0  0.11s           2024-09-02T15:26:26
/opt/airflow/dags/dag_creation.py     82  0.02s             1           0  0.11s           2024-09-02T15:26:26
================================================================================
[2024-09-02T15:27:27.166+0000] {manager.py:878} INFO - 
================================================================================
DAG File Processing Stats

File Path                            PID  Runtime      # DAGs    # Errors  Last Runtime    Last Run
---------------------------------  -----  ---------  --------  ----------  --------------  -------------------
/opt/airflow/dags/dag_creation.py     90  0.01s             1           0  0.12s           2024-09-02T15:26:56
/opt/airflow/dags/dag_test.py         91  0.00s             1           0  0.12s           2024-09-02T15:26:56
================================================================================
[2024-09-02T15:27:57.548+0000] {manager.py:878} INFO - 
================================================================================
DAG File Processing Stats

File Path                            PID  Runtime      # DAGs    # Errors  Last Runtime    Last Run
---------------------------------  -----  ---------  --------  ----------  --------------  -------------------
/opt/airflow/dags/dag_creation.py     98  0.01s             1           0  0.12s           2024-09-02T15:27:27
/opt/airflow/dags/dag_test.py         99  0.00s             1           0  0.12s           2024-09-02T15:27:27
================================================================================
[2024-09-02T15:28:27.920+0000] {manager.py:878} INFO - 
================================================================================
DAG File Processing Stats

File Path                            PID  Runtime      # DAGs    # Errors  Last Runtime    Last Run
---------------------------------  -----  ---------  --------  ----------  --------------  -------------------
/opt/airflow/dags/dag_test.py        107  0.00s             1           0  0.13s           2024-09-02T15:27:57
/opt/airflow/dags/dag_creation.py    106  0.02s             1           0  0.12s           2024-09-02T15:27:57
================================================================================
[2024-09-02T15:28:54.231+0000] {manager.py:737} INFO - Searching for files in /opt/airflow/dags
[2024-09-02T15:28:54.311+0000] {manager.py:740} INFO - There are 2 files in /opt/airflow/dags
[2024-09-02T15:28:58.378+0000] {manager.py:878} INFO - 
================================================================================
DAG File Processing Stats

File Path                            PID  Runtime      # DAGs    # Errors  Last Runtime    Last Run
---------------------------------  -----  ---------  --------  ----------  --------------  -------------------
/opt/airflow/dags/dag_test.py        115  0.00s             1           0  0.12s           2024-09-02T15:28:28
/opt/airflow/dags/dag_creation.py    114  0.02s             1           0  0.11s           2024-09-02T15:28:28
================================================================================
[2024-09-02T15:29:28.706+0000] {manager.py:878} INFO - 
================================================================================
DAG File Processing Stats

File Path                            PID  Runtime      # DAGs    # Errors  Last Runtime    Last Run
---------------------------------  -----  ---------  --------  ----------  --------------  -------------------
/opt/airflow/dags/dag_test.py        123  0.00s             1           0  0.12s           2024-09-02T15:28:58
/opt/airflow/dags/dag_creation.py    122  0.02s             1           0  0.12s           2024-09-02T15:28:58
================================================================================
[2024-09-02T15:29:59.078+0000] {manager.py:878} INFO - 
================================================================================
DAG File Processing Stats

File Path                            PID  Runtime      # DAGs    # Errors  Last Runtime    Last Run
---------------------------------  -----  ---------  --------  ----------  --------------  -------------------
/opt/airflow/dags/dag_test.py        131  0.00s             1           0  0.14s           2024-09-02T15:29:28
/opt/airflow/dags/dag_creation.py    130  0.02s             1           0  0.13s           2024-09-02T15:29:28
================================================================================
[2024-09-02T15:30:29.422+0000] {manager.py:878} INFO - 
================================================================================
DAG File Processing Stats

File Path                            PID  Runtime      # DAGs    # Errors  Last Runtime    Last Run
---------------------------------  -----  ---------  --------  ----------  --------------  -------------------
/opt/airflow/dags/dag_creation.py    138  0.01s             1           0  0.13s           2024-09-02T15:29:59
/opt/airflow/dags/dag_test.py        139  0.00s             1           0  0.13s           2024-09-02T15:29:59
================================================================================
[2024-09-02T15:30:59.779+0000] {manager.py:878} INFO - 
================================================================================
DAG File Processing Stats

File Path                            PID  Runtime      # DAGs    # Errors  Last Runtime    Last Run
---------------------------------  -----  ---------  --------  ----------  --------------  -------------------
/opt/airflow/dags/dag_creation.py    146  0.02s             1           0  0.11s           2024-09-02T15:30:29
/opt/airflow/dags/dag_test.py        147  0.01s             1           0  0.11s           2024-09-02T15:30:29
================================================================================
[2024-09-02T15:31:30.147+0000] {manager.py:878} INFO - 
================================================================================
DAG File Processing Stats

File Path                            PID  Runtime      # DAGs    # Errors  Last Runtime    Last Run
---------------------------------  -----  ---------  --------  ----------  --------------  -------------------
/opt/airflow/dags/dag_test.py        155  0.00s             1           0  0.14s           2024-09-02T15:30:59
/opt/airflow/dags/dag_creation.py    154  0.02s             1           0  0.14s           2024-09-02T15:30:59
================================================================================
[2024-09-02T15:32:00.502+0000] {manager.py:878} INFO - 
================================================================================
DAG File Processing Stats

File Path                            PID  Runtime      # DAGs    # Errors  Last Runtime    Last Run
---------------------------------  -----  ---------  --------  ----------  --------------  -------------------
/opt/airflow/dags/dag_test.py        163  0.01s             1           0  0.12s           2024-09-02T15:31:30
/opt/airflow/dags/dag_creation.py    162  0.02s             1           0  0.12s           2024-09-02T15:31:30
================================================================================
[2024-09-02T15:32:30.848+0000] {manager.py:878} INFO - 
================================================================================
DAG File Processing Stats

File Path                            PID  Runtime      # DAGs    # Errors  Last Runtime    Last Run
---------------------------------  -----  ---------  --------  ----------  --------------  -------------------
/opt/airflow/dags/dag_creation.py    170  0.02s             1           0  0.12s           2024-09-02T15:32:00
/opt/airflow/dags/dag_test.py        171  0.00s             1           0  0.12s           2024-09-02T15:32:00
================================================================================
[2024-09-02T15:33:01.218+0000] {manager.py:878} INFO - 
================================================================================
DAG File Processing Stats

File Path                            PID  Runtime      # DAGs    # Errors  Last Runtime    Last Run
---------------------------------  -----  ---------  --------  ----------  --------------  -------------------
/opt/airflow/dags/dag_test.py        179  0.00s             1           0  0.12s           2024-09-02T15:32:30
/opt/airflow/dags/dag_creation.py    178  0.02s             1           0  0.12s           2024-09-02T15:32:30
================================================================================
[2024-09-02T15:33:31.579+0000] {manager.py:878} INFO - 
================================================================================
DAG File Processing Stats

File Path                            PID  Runtime      # DAGs    # Errors  Last Runtime    Last Run
---------------------------------  -----  ---------  --------  ----------  --------------  -------------------
/opt/airflow/dags/dag_test.py        187  0.01s             1           0  0.12s           2024-09-02T15:33:01
/opt/airflow/dags/dag_creation.py    186  0.02s             1           0  0.11s           2024-09-02T15:33:01
================================================================================
[2024-09-02T15:33:54.847+0000] {manager.py:737} INFO - Searching for files in /opt/airflow/dags
[2024-09-02T15:33:54.924+0000] {manager.py:740} INFO - There are 2 files in /opt/airflow/dags
[2024-09-02T15:34:02.012+0000] {manager.py:878} INFO - 
================================================================================
DAG File Processing Stats

File Path                            PID  Runtime      # DAGs    # Errors  Last Runtime    Last Run
---------------------------------  -----  ---------  --------  ----------  --------------  -------------------
/opt/airflow/dags/dag_creation.py    194  0.01s             1           0  0.12s           2024-09-02T15:33:31
/opt/airflow/dags/dag_test.py        195  0.00s             1           0  0.12s           2024-09-02T15:33:31
================================================================================
[2024-09-02T15:34:32.363+0000] {manager.py:878} INFO - 
================================================================================
DAG File Processing Stats

File Path                            PID  Runtime      # DAGs    # Errors  Last Runtime    Last Run
---------------------------------  -----  ---------  --------  ----------  --------------  -------------------
/opt/airflow/dags/dag_test.py        203  0.00s             1           0  0.12s           2024-09-02T15:34:02
/opt/airflow/dags/dag_creation.py    202  0.01s             1           0  0.12s           2024-09-02T15:34:02
================================================================================
[2024-09-02T15:35:02.700+0000] {manager.py:878} INFO - 
================================================================================
DAG File Processing Stats

File Path                            PID  Runtime      # DAGs    # Errors  Last Runtime    Last Run
---------------------------------  -----  ---------  --------  ----------  --------------  -------------------
/opt/airflow/dags/dag_creation.py    211  0.01s             1           0  0.12s           2024-09-02T15:34:32
/opt/airflow/dags/dag_test.py        212  0.00s             1           0  0.12s           2024-09-02T15:34:32
================================================================================
[2024-09-02T15:35:33.051+0000] {manager.py:878} INFO - 
================================================================================
DAG File Processing Stats

File Path                            PID  Runtime      # DAGs    # Errors  Last Runtime    Last Run
---------------------------------  -----  ---------  --------  ----------  --------------  -------------------
/opt/airflow/dags/dag_test.py        220  0.00s             1           0  0.17s           2024-09-02T15:35:02
/opt/airflow/dags/dag_creation.py    219  0.02s             1           0  0.15s           2024-09-02T15:35:02
================================================================================
[2024-09-02T15:36:03.378+0000] {manager.py:878} INFO - 
================================================================================
DAG File Processing Stats

File Path                            PID  Runtime      # DAGs    # Errors  Last Runtime    Last Run
---------------------------------  -----  ---------  --------  ----------  --------------  -------------------
/opt/airflow/dags/dag_test.py        228  0.00s             1           0  0.12s           2024-09-02T15:35:33
/opt/airflow/dags/dag_creation.py    227  0.02s             1           0  0.12s           2024-09-02T15:35:33
================================================================================
